[debug] [2025-10-16T18:16:20.052Z] ----------------------------------------------------------------------
[debug] [2025-10-16T18:16:20.055Z] Command:       C:\Program Files\nodejs\node.exe C:\Users\ema\AppData\Roaming\npm\node_modules\firebase-tools\lib\bin\firebase.js init
[debug] [2025-10-16T18:16:20.055Z] CLI Version:   14.19.1
[debug] [2025-10-16T18:16:20.055Z] Platform:      win32
[debug] [2025-10-16T18:16:20.055Z] Node Version:  v22.20.0
[debug] [2025-10-16T18:16:20.056Z] Time:          Thu Oct 16 2025 15:16:20 GMT-0300 (Brasilia Standard Time)
[debug] [2025-10-16T18:16:20.056Z] ----------------------------------------------------------------------
[debug] 
[debug] [2025-10-16T18:16:20.058Z] >>> [apiv2][query] GET https://firebase-public.firebaseio.com/cli.json [none]
[info] 
     ######## #### ########  ######## ########     ###     ######  ########
     ##        ##  ##     ## ##       ##     ##  ##   ##  ##       ##
     ######    ##  ########  ######   ########  #########  ######  ######
     ##        ##  ##    ##  ##       ##     ## ##     ##       ## ##
     ##       #### ##     ## ######## ########  ##     ##  ######  ########

You're about to initialize a Firebase project in this directory:

  C:\Users\ema\Date Formatter\date-formatter (1)

[debug] [2025-10-16T18:16:20.491Z] <<< [apiv2][status] GET https://firebase-public.firebaseio.com/cli.json 200
[debug] [2025-10-16T18:16:20.491Z] <<< [apiv2][body] GET https://firebase-public.firebaseio.com/cli.json {"cloudBuildErrorAfter":1594252800000,"cloudBuildWarnAfter":1590019200000,"defaultNode10After":1594252800000,"minVersion":"3.0.5","node8DeploysDisabledAfter":1613390400000,"node8RuntimeDisabledAfter":1615809600000,"node8WarnAfter":1600128000000}
[info] 
=== Project Setup
[info] 
[info] First, let's associate this project directory with a Firebase project.
[info] You can create multiple project aliases by running firebase use --add, 
[info] 
[debug] [2025-10-16T18:18:14.261Z] > command requires scopes: ["email","openid","https://www.googleapis.com/auth/cloudplatformprojects.readonly","https://www.googleapis.com/auth/firebase","https://www.googleapis.com/auth/cloud-platform"]
[debug] [2025-10-16T18:18:14.262Z] > authorizing via signed-in user (enzomarxsantos@gmail.com)
[debug] [2025-10-16T18:18:14.263Z] Checked if tokens are valid: false, expires at: 1759953217002
[debug] [2025-10-16T18:18:14.263Z] Checked if tokens are valid: false, expires at: 1759953217002
[debug] [2025-10-16T18:18:14.263Z] > refreshing access token with scopes: []
[debug] [2025-10-16T18:18:14.264Z] >>> [apiv2][query] POST https://www.googleapis.com/oauth2/v3/token [none]
[debug] [2025-10-16T18:18:14.264Z] >>> [apiv2][body] POST https://www.googleapis.com/oauth2/v3/token [omitted]
[debug] [2025-10-16T18:18:15.191Z] <<< [apiv2][status] POST https://www.googleapis.com/oauth2/v3/token 200
[debug] [2025-10-16T18:18:15.191Z] <<< [apiv2][body] POST https://www.googleapis.com/oauth2/v3/token [omitted]
[debug] [2025-10-16T18:18:15.208Z] >>> [apiv2][query] GET https://firebase.googleapis.com/v1beta1/projects pageSize=100
[debug] [2025-10-16T18:18:16.509Z] <<< [apiv2][status] GET https://firebase.googleapis.com/v1beta1/projects 200
[debug] [2025-10-16T18:18:16.509Z] <<< [apiv2][body] GET https://firebase.googleapis.com/v1beta1/projects [omitted]
[info] 
=== Hosting Setup
[debug] [2025-10-16T18:18:37.285Z] Checked if tokens are valid: true, expires at: 1760642294191
[debug] [2025-10-16T18:18:37.285Z] Checked if tokens are valid: true, expires at: 1760642294191
[debug] [2025-10-16T18:18:37.285Z] >>> [apiv2][query] GET https://firebase.googleapis.com/v1beta1/projects/planning-with-ai-3091e [none]
[debug] [2025-10-16T18:18:38.262Z] <<< [apiv2][status] GET https://firebase.googleapis.com/v1beta1/projects/planning-with-ai-3091e 200
[debug] [2025-10-16T18:18:38.262Z] <<< [apiv2][body] GET https://firebase.googleapis.com/v1beta1/projects/planning-with-ai-3091e {"projectId":"planning-with-ai-3091e","projectNumber":"131434935115","displayName":"Planning With AI","name":"projects/planning-with-ai-3091e","resources":{"hostingSite":"planning-with-ai-3091e"},"state":"ACTIVE","etag":"1_869bae04-6788-42e7-884c-656457561112"}
[info] 
[info] Your public directory is the folder (relative to your project directory) that
[info] will contain Hosting assets to be uploaded with firebase deploy. If you
[info] have a build process for your assets, use your build's output directory.
[info] 
[debug] [2025-10-16T19:13:04.077Z] ----------------------------------------------------------------------
[debug] [2025-10-16T19:13:04.080Z] Command:       C:\Program Files\nodejs\node.exe C:\Users\ema\AppData\Roaming\npm\node_modules\firebase-tools\lib\bin\firebase.js init
[debug] [2025-10-16T19:13:04.081Z] CLI Version:   14.19.1
[debug] [2025-10-16T19:13:04.081Z] Platform:      win32
[debug] [2025-10-16T19:13:04.081Z] Node Version:  v22.20.0
[debug] [2025-10-16T19:13:04.081Z] Time:          Thu Oct 16 2025 16:13:04 GMT-0300 (Brasilia Standard Time)
[debug] [2025-10-16T19:13:04.081Z] ----------------------------------------------------------------------
[debug] 
[info] 
     ######## #### ########  ######## ########     ###     ######  ########
     ##        ##  ##     ## ##       ##     ##  ##   ##  ##       ##
     ######    ##  ########  ######   ########  #########  ######  ######
     ##        ##  ##    ##  ##       ##     ## ##     ##       ## ##
     ##       #### ##     ## ######## ########  ##     ##  ######  ########

You're about to initialize a Firebase project in this directory:

  C:\Users\ema\Date Formatter\date-formatter (1)

[info] 
=== Project Setup
[info] 
[info] First, let's associate this project directory with a Firebase project.
[info] You can create multiple project aliases by running firebase use --add, 
[info] 
[debug] [2025-10-16T19:13:20.214Z] > command requires scopes: ["email","openid","https://www.googleapis.com/auth/cloudplatformprojects.readonly","https://www.googleapis.com/auth/firebase","https://www.googleapis.com/auth/cloud-platform"]
[debug] [2025-10-16T19:13:20.214Z] > authorizing via signed-in user (enzomarxsantos@gmail.com)
[debug] [2025-10-16T19:13:20.215Z] Checked if tokens are valid: false, expires at: 1760642294191
[debug] [2025-10-16T19:13:20.216Z] Checked if tokens are valid: false, expires at: 1760642294191
[debug] [2025-10-16T19:13:20.216Z] > refreshing access token with scopes: []
[debug] [2025-10-16T19:13:20.217Z] >>> [apiv2][query] POST https://www.googleapis.com/oauth2/v3/token [none]
[debug] [2025-10-16T19:13:20.218Z] >>> [apiv2][body] POST https://www.googleapis.com/oauth2/v3/token [omitted]
[debug] [2025-10-16T19:13:21.153Z] <<< [apiv2][status] POST https://www.googleapis.com/oauth2/v3/token 200
[debug] [2025-10-16T19:13:21.153Z] <<< [apiv2][body] POST https://www.googleapis.com/oauth2/v3/token [omitted]
[debug] [2025-10-16T19:13:21.161Z] >>> [apiv2][query] GET https://firebase.googleapis.com/v1beta1/projects/planning-with-ai-3091e [none]
[debug] [2025-10-16T19:13:22.356Z] <<< [apiv2][status] GET https://firebase.googleapis.com/v1beta1/projects/planning-with-ai-3091e 200
[debug] [2025-10-16T19:13:22.357Z] <<< [apiv2][body] GET https://firebase.googleapis.com/v1beta1/projects/planning-with-ai-3091e {"projectId":"planning-with-ai-3091e","projectNumber":"131434935115","displayName":"Planning With AI","name":"projects/planning-with-ai-3091e","resources":{"hostingSite":"planning-with-ai-3091e"},"state":"ACTIVE","etag":"1_869bae04-6788-42e7-884c-656457561112"}
[info] i  Using project planning-with-ai-3091e (Planning With AI) . 
[info] 
=== Hosting Setup
[debug] [2025-10-16T19:13:23.236Z] Checked if tokens are valid: true, expires at: 1760645600153
[debug] [2025-10-16T19:13:23.236Z] Checked if tokens are valid: true, expires at: 1760645600153
[debug] [2025-10-16T19:13:23.236Z] >>> [apiv2][query] GET https://firebase.googleapis.com/v1beta1/projects/planning-with-ai-3091e [none]
[debug] [2025-10-16T19:13:23.746Z] <<< [apiv2][status] GET https://firebase.googleapis.com/v1beta1/projects/planning-with-ai-3091e 200
[debug] [2025-10-16T19:13:23.746Z] <<< [apiv2][body] GET https://firebase.googleapis.com/v1beta1/projects/planning-with-ai-3091e {"projectId":"planning-with-ai-3091e","projectNumber":"131434935115","displayName":"Planning With AI","name":"projects/planning-with-ai-3091e","resources":{"hostingSite":"planning-with-ai-3091e"},"state":"ACTIVE","etag":"1_869bae04-6788-42e7-884c-656457561112"}
[info] 
[info] Your public directory is the folder (relative to your project directory) that
[info] will contain Hosting assets to be uploaded with firebase deploy. If you
[info] have a build process for your assets, use your build's output directory.
[info] 
